<?xml version="1.0" encoding="UTF-8"?>
<testng-results ignored="0" total="6" passed="6" failed="0" skipped="0">
  <reporter-output>
  </reporter-output>
  <suite started-at="2022-07-02T10:36:32 IST" name="Command line suite" finished-at="2022-07-02T10:38:12 IST" duration-ms="100052">
    <groups>
    </groups>
    <test started-at="2022-07-02T10:36:32 IST" name="Command line test" finished-at="2022-07-02T10:38:12 IST" duration-ms="100052">
      <class name="naga.RestAPITest">
        <test-method signature="RestAPI()[pri:0, instance:naga.RestAPITest@212bf671]" started-at="2022-07-02T10:36:34 IST" name="RestAPI" finished-at="2022-07-02T10:36:34 IST" duration-ms="2" status="PASS">
          <reporter-output>
          </reporter-output>
        </test-method> <!-- RestAPI -->
        <test-method signature="deleteCookies()[pri:0, instance:naga.RestAPITest@212bf671]" started-at="2022-07-02T10:36:34 IST" name="deleteCookies" finished-at="2022-07-02T10:36:34 IST" duration-ms="3" status="PASS">
          <reporter-output>
          </reporter-output>
        </test-method> <!-- deleteCookies -->
      </class> <!-- naga.RestAPITest -->
      <class name="naga.AppiumTest">
        <test-method signature="appDetails()[pri:0, instance:naga.AppiumTest@5d740a0f]" started-at="2022-07-02T10:36:34 IST" name="appDetails" finished-at="2022-07-02T10:36:34 IST" duration-ms="4" status="PASS">
          <reporter-output>
          </reporter-output>
        </test-method> <!-- appDetails -->
        <test-method signature="mobApp()[pri:0, instance:naga.AppiumTest@5d740a0f]" started-at="2022-07-02T10:36:34 IST" name="mobApp" finished-at="2022-07-02T10:36:34 IST" duration-ms="1" status="PASS">
          <reporter-output>
          </reporter-output>
        </test-method> <!-- mobApp -->
      </class> <!-- naga.AppiumTest -->
      <class name="naga.SeleniumTest">
        <test-method is-config="true" signature="extentReport()[pri:0, instance:naga.SeleniumTest@3a079870]" started-at="2022-07-02T10:36:32 IST" name="extentReport" finished-at="2022-07-02T10:36:34 IST" duration-ms="1622" status="PASS">
          <reporter-output>
          </reporter-output>
        </test-method> <!-- extentReport -->
        <test-method signature="getBrowser()[pri:0, instance:naga.SeleniumTest@3a079870]" started-at="2022-07-02T10:36:34 IST" name="getBrowser" finished-at="2022-07-02T10:36:34 IST" duration-ms="2" status="PASS">
          <reporter-output>
          </reporter-output>
        </test-method> <!-- getBrowser -->
        <test-method signature="getdata()[pri:0, instance:naga.SeleniumTest@3a079870]" started-at="2022-07-02T10:36:34 IST" name="getdata" finished-at="2022-07-02T10:38:12 IST" duration-ms="98253" status="PASS">
          <reporter-output>
          </reporter-output>
        </test-method> <!-- getdata -->
      </class> <!-- naga.SeleniumTest -->
    </test> <!-- Command line test -->
  </suite> <!-- Command line suite -->
</testng-results>
